C51 COMPILER V9.60.0.0   KEY                                                               08/10/2022 00:13:26 PAGE 1   


C51 COMPILER V9.60.0.0, COMPILATION OF MODULE KEY
OBJECT MODULE PLACED IN .\Objects\key.obj
COMPILER INVOKED BY: E:\EE\32\C51\BIN\C51.EXE DRIVERS\key.c OPTIMIZE(8,SPEED) BROWSE INCDIR(.\DRIVERS) DEBUG OBJECTEXTEN
                    -D PRINT(.\Listings\key.lst) OBJECT(.\Objects\key.obj)

line level    source

   1          #include "key.h"
   2          #include "public.h"
   3          
   4          uchar keydown(uchar n)
   5          {
   6   1              switch (n)
   7   1              {
   8   2                      case 1: 
   9   2                      if(K1==0)
  10   2                      {
  11   3                              Delay1ms(20);
  12   3                              if(K1==0)
  13   3                                      return 1;
  14   3                      }
  15   2                      case 2: 
  16   2                      if(K2==0)
  17   2                      {
  18   3                              Delay1ms(20);
  19   3                              if(K2==0)
  20   3                                      return 1;
  21   3                      }
  22   2                      case 3: 
  23   2                      if(K3==0)
  24   2                      {
  25   3                              Delay1ms(20);
  26   3                              if(K3==0)
  27   3                                      return 1;
  28   3                      }
  29   2                      case 4: 
  30   2                      if(K4==0)
  31   2                      {
  32   3                              Delay1ms(20);
  33   3                              if(K4==0)
  34   3                                      return 1;
  35   3                      }
  36   2                      default:
  37   2                              return 0;
  38   2              }
  39   1      }


MODULE INFORMATION:   STATIC OVERLAYABLE
   CODE SIZE        =     82    ----
   CONSTANT SIZE    =   ----    ----
   XDATA SIZE       =   ----    ----
   PDATA SIZE       =   ----    ----
   DATA SIZE        =   ----    ----
   IDATA SIZE       =   ----    ----
   BIT SIZE         =   ----    ----
END OF MODULE INFORMATION.


C51 COMPILATION COMPLETE.  0 WARNING(S),  0 ERROR(S)
