C51 COMPILER V9.60.0.0   MAIN                                                              08/10/2022 00:13:04 PAGE 1   


C51 COMPILER V9.60.0.0, COMPILATION OF MODULE MAIN
OBJECT MODULE PLACED IN .\Objects\main.obj
COMPILER INVOKED BY: E:\EE\32\C51\BIN\C51.EXE main.c OPTIMIZE(8,SPEED) BROWSE INCDIR(.\DRIVERS) DEBUG OBJECTEXTEND PRINT
                    -(.\Listings\main.lst) OBJECT(.\Objects\main.obj)

line level    source

   1          #include <led.h>
   2          #include <key.h>
   3          
   4          
   5          void main()
   6          {
   7   1              while(1)
   8   1              {
   9   2                      if(keydown(3))
  10   2                              l4=~l4;
  11   2              }       
  12   1      }
  13          void delay1s()
  14          {
  15   1              uint i, j;
  16   1              for(i=500;i>0;i--)
  17   1                      for(j=110;j>0;j--);//—” ±500ms
  18   1      }


MODULE INFORMATION:   STATIC OVERLAYABLE
   CODE SIZE        =     39    ----
   CONSTANT SIZE    =   ----    ----
   XDATA SIZE       =   ----    ----
   PDATA SIZE       =   ----    ----
   DATA SIZE        =   ----    ----
   IDATA SIZE       =   ----    ----
   BIT SIZE         =   ----    ----
END OF MODULE INFORMATION.


C51 COMPILATION COMPLETE.  0 WARNING(S),  0 ERROR(S)
