C51 COMPILER V9.60.0.0   IIC                                                               08/13/2022 01:09:23 PAGE 1   


C51 COMPILER V9.60.0.0, COMPILATION OF MODULE IIC
OBJECT MODULE PLACED IN .\Objects\iic.obj
COMPILER INVOKED BY: E:\EE\32\C51\BIN\C51.EXE DRIVERS\iic.c OPTIMIZE(8,SPEED) BROWSE INCDIR(.\DRIVERS) DEBUG OBJECTEXTEN
                    -D PRINT(.\Listings\iic.lst) OBJECT(.\Objects\iic.obj)

line level    source

   1          #include "iic.h"
   2          
   3          void iicStart()
   4          {
   5   1              SCL=1;
   6   1              SDA=1;
   7   1              Delay5us();
   8   1              SDA=0;
   9   1              Delay5us();
  10   1      }
  11          
  12          void iicStop()
  13          {
  14   1              SCL=1;
  15   1              SDA=0;
  16   1              Delay5us();
  17   1              SDA=1;
  18   1              Delay5us();
  19   1      }
  20          
  21          void iicSendData(uchar dat)
  22          {
  23   1              uint i;
  24   1              SCL=0;
  25   1              for(i=0;i<8;i++)
  26   1              {
  27   2                      SDA=dat&0x80?1:0;
  28   2                      SCL=1;
  29   2                      _nop_();
  30   2                      SCL=0;
  31   2                      dat=dat<<1;
  32   2              }
  33   1      }
  34          bit iicWaitAck()
  35          {
  36   1              uchar ack=0;
  37   1              SCL=1;
  38   1              Delay5us();
  39   1              if(SDA)
  40   1              {
  41   2                      ack=1;
  42   2                      iicStop();
  43   2              }
  44   1              else
  45   1              {
  46   2                      ack=0;
  47   2                      SCL=0;
  48   2                      Delay5us();
  49   2              }
  50   1              return ack;
  51   1      }
  52          bit iicAck(uchar ack)
  53          {
  54   1              SCL=0;
C51 COMPILER V9.60.0.0   IIC                                                               08/13/2022 01:09:23 PAGE 2   

  55   1              Delay5us();
  56   1              if(ack)
  57   1                      SDA=1;
  58   1              else
  59   1                      SDA=0;
  60   1              Delay5us();
  61   1              SCL=1;
  62   1              Delay5us();
  63   1              SCL=0;
  64   1      }
*** WARNING C173 IN LINE 64 OF DRIVERS\iic.c: missing return-expression
*** WARNING C290 IN LINE 64 OF DRIVERS\iic.c: missing return value


MODULE INFORMATION:   STATIC OVERLAYABLE
   CODE SIZE        =    120    ----
   CONSTANT SIZE    =   ----    ----
   XDATA SIZE       =   ----    ----
   PDATA SIZE       =   ----    ----
   DATA SIZE        =   ----       2
   IDATA SIZE       =   ----    ----
   BIT SIZE         =   ----    ----
END OF MODULE INFORMATION.


C51 COMPILATION COMPLETE.  2 WARNING(S),  0 ERROR(S)
