C51 COMPILER V9.60.0.0   MAIN                                                              08/15/2022 18:37:02 PAGE 1   


C51 COMPILER V9.60.0.0, COMPILATION OF MODULE MAIN
OBJECT MODULE PLACED IN .\Objects\main.obj
COMPILER INVOKED BY: E:\EE\32\C51\BIN\C51.EXE main.c OPTIMIZE(8,SPEED) BROWSE INCDIR(.\DRIVERS) DEBUG OBJECTEXTEND PRINT
                    -(.\Listings\main.lst) OBJECT(.\Objects\main.obj)

line level    source

   1          #include <public.H>
   2          #include "lcd1602.h"
   3          #include "ds1302.h"
   4          #include "key.h"
   5          
   6          
   7          uchar k,MODE,TimeSetSelect,TimeSetFlashFlag;
   8          
   9          struct RTCtime time;
  10          struct RTCtime* p;
  11          void  setTime();
  12          void showTime();
  13          void Timer0Init(void);
  14          void Timer0_Routine();
  15          uchar i;
  16          uchar *pti;                                                                     //指向存储变量的指针
  17          uchar *ptime;                                                                   //指向全局变量的指针
  18          struct RTCtime ti;                                                              //存储变量用于修改
  19          
  20          
  21          void showTime()
  22          {
  23   1              ti=ds1302ReadTime();
  24   1              
  25   1              
  26   1              lcdShow0Num(1,1,ti.year,2);                                     //显示年
  27   1              lcdShow0Num(1,4,ti.mon,2);                                      //显示月
  28   1              lcdShow0Num(1,7,ti.date,2);                                     //显示日
  29   1              
  30   1              lcdShow0Num(2,1,ti.hour,2);                                     //显示时
  31   1              lcdShow0Num(2,4,ti.min,2);                                      //显示分
  32   1              lcdShow0Num(2,7,ti.sec,2);                                      //显示秒
  33   1              
  34   1      }
  35          
  36          ///////修改全局变量time////////
  37          void setTime()                  
  38          {
  39   1              uchar hour=time.hour;
  40   1              if(k==2)                                                                                //按键2按下
  41   1              {
  42   2                      TimeSetSelect++;                                                        //设置选择位加1
  43   2                      TimeSetSelect%=6;                                                       //越界清零
  44   2              }
  45   1              if(k==3)                                                                                //按键3按下
  46   1              {
  47   2                      
  48   2                      (*(ptime+TimeSetSelect))++;
  49   2                      if(time.year>99){time.year=0;}                          //年越界判断
  50   2                      if(time.mon>12){time.mon=1;}                            //月越界判断
  51   2                      if( time.mon==1 || time.mon==3 || time.mon==5 || time.mon==7 || 
  52   2                              time.mon==8 || time.mon==10 || time.mon==12)//日越界判断
  53   2                      {
  54   3                              if(time.date>31){time.date=1;}                  //大月
C51 COMPILER V9.60.0.0   MAIN                                                              08/15/2022 18:37:02 PAGE 2   

  55   3                      }
  56   2                      else if(time.mon==4 || time.mon==6 || time.mon==9 || time.mon==11)
  57   2                      {
  58   3                              if(time.date>30){time.date=1;}                  //小月
  59   3                      }
  60   2                      else if(time.mon==2)
  61   2                      {
  62   3                              if(time.year%4==0)
  63   3                              {
  64   4                                      if(time.date>29){time.date=1;}          //闰年2月
  65   4                              }
  66   3                              else
  67   3                              {
  68   4                                      if(time.date>28){time.date=1;}          //平年2月
  69   4                              }
  70   3                      }
  71   2                      
  72   2                      if(time.hour>23){time.hour=0;}                          //时越界判断
  73   2                      if(time.min>59){time.min=0;}                            //分越界判断
  74   2                      if(time.sec>59){time.sec=0;}                            //秒越界判断
  75   2              }
  76   1              if(k==4)//按键4按下
  77   1              {
  78   2                      (*(ptime+TimeSetSelect))--;                                     //时间设置位数值减1
  79   2                      if(time.year<0){time.year=99;}                          //年越界判断
  80   2                      if(time.mon<1){time.mon=12;}                            //月越界判断
  81   2                      if( time.mon==1 || time.mon==3 || time.mon==5 || time.mon==7 || 
  82   2                              time.mon==8 || time.mon==10 || time.mon==12)//日越界判断
  83   2                      {
  84   3                              if(time.date<1){time.date=31;}                  //大月
  85   3                              if(time.date>31){time.date=1;}
  86   3                      }
  87   2                      else if(time.mon==4 || time.mon==6 || time.mon==9 || time.mon==11)
  88   2                      {
  89   3                              if(time.date<1){time.date=30;}                  //小月
  90   3                              if(time.date>30){time.date=1;}
  91   3                      }
  92   2                      else if(time.mon==2)
  93   2                      {
  94   3                              if(time.year%4==0)
  95   3                              {
  96   4                                      if(time.date<1){time.date=29;}          //闰年2月
  97   4                                      if(time.date>29){time.date=1;}
  98   4                              }
  99   3                              else
 100   3                              {
 101   4                                      if(time.date<1){time.date=28;}          //平年2月
 102   4                                      if(time.date>28){time.date=1;}
 103   4                              }
 104   3                      }
 105   2              }
 106   1              if(time.hour<0){time.hour=23;}                                  //时越界判断
 107   1              if(time.min<0){time.min=59;}                                    //分越界判断
 108   1              if(time.sec<0){time.sec=59;}                                    //秒越界判断
 109   1      
 110   1              //更新显示，根据TimeSetSelect和TimeSetFlashFlag判断可完成闪烁功能
 111   1              if(TimeSetSelect==0 && TimeSetFlashFlag==1){lcdShowString(1,1,"  ");}
 112   1              else {lcdShow0Num(1,1,time.year,2);}
 113   1              if(TimeSetSelect==1 && TimeSetFlashFlag==1){lcdShowString(1,4,"  ");}
 114   1              else {lcdShow0Num(1,4,time.mon,2);}
 115   1              if(TimeSetSelect==2 && TimeSetFlashFlag==1){lcdShowString(1,7,"  ");}
 116   1              else {lcdShow0Num(1,7,time.date,2);}
C51 COMPILER V9.60.0.0   MAIN                                                              08/15/2022 18:37:02 PAGE 3   

 117   1              if(TimeSetSelect==3 && TimeSetFlashFlag==1){lcdShowString(2,1,"  ");}
 118   1              else {lcdShow0Num(2,1,time.hour,2);}
 119   1              if(TimeSetSelect==4 && TimeSetFlashFlag==1){lcdShowString(2,4,"  ");}
 120   1              else {lcdShow0Num(2,4,time.min,2);}
 121   1              if(TimeSetSelect==5 && TimeSetFlashFlag==1){lcdShowString(2,7,"  ");}
 122   1              else {lcdShow0Num(2,7,time.sec,2);}
 123   1      }
 124          
 125          
 126          
 127          
 128          
 129          void main()
 130          {
 131   1              lcdInit();                                              //初始化lcd
 132   1              ds1302Init();                                   //初始化1302
 133   1              Timer0Init();                                   //初始化定时器
 134   1      
 135   1              ti=ds1302ReadTime();                    //读取RTC时钟给ti结构体
 136   1                      
 137   1              ptime=&(time.year);
 138   1              pti=&(ti.year);
 139   1              
 140   1              for(i=0;i<7;i++)
 141   1              {
 142   2                      *(ptime+i)=*(pti+i);            //将读到的RTC时间给time结构体，相当于初始化time
 143   2              }
 144   1              
 145   1              lcdShowString(1,1,"  -  -  ");  //静态字符初始化显示
 146   1              lcdShowString(2,1,"  :  :  ");
 147   1              while(1)
 148   1              {
 149   2                      k=key();
 150   2                      if(k==1)
 151   2                      {
 152   3                              if(MODE==0)
 153   3                              {
 154   4                                      MODE=1;
 155   4                                      TimeSetSelect=0;
 156   4                              }                                               //功能切换
 157   3                              else if(MODE==1)
 158   3                              {
 159   4                                      MODE=0;
 160   4                                      ds1302SetTime(time);
 161   4                              }
 162   3                      }
 163   2                      switch(MODE)                            //根据不同的功能执行不同的函数
 164   2                      {
 165   3                              case 0:showTime();break;
 166   3                              case 1:setTime();break;
 167   3                      }
 168   2              }
 169   1      }
 170          
 171          void Timer0Init(void)
 172          {
 173   1              TMOD &= 0xF0;                                   //设置定时器模式
 174   1              TMOD |= 0x01;                                   //设置定时器模式
 175   1              TL0 = 0x18;                                             //设置定时初值
 176   1              TH0 = 0xFC;                                             //设置定时初值
 177   1              TF0 = 0;                                                //清除TF0标志
 178   1              TR0 = 1;                                                //定时器0开始计时
C51 COMPILER V9.60.0.0   MAIN                                                              08/15/2022 18:37:02 PAGE 4   

 179   1              ET0=1;
 180   1              EA=1;
 181   1              PT0=0;
 182   1      }
 183          
 184          void Timer0_Routine() interrupt 1
 185          {
 186   1              static unsigned int T0Count;
 187   1              TL0 = 0x18;                                             //设置定时初值
 188   1              TH0 = 0xFC;                                             //设置定时初值
 189   1              T0Count++;
 190   1              if(T0Count>=500)                                //每500ms进入一次
 191   1              {
 192   2                      T0Count=0;
 193   2                      TimeSetFlashFlag=!TimeSetFlashFlag;//闪烁标志位取反
 194   2              }
 195   1      }


MODULE INFORMATION:   STATIC OVERLAYABLE
   CODE SIZE        =   1528    ----
   CONSTANT SIZE    =     21    ----
   XDATA SIZE       =   ----    ----
   PDATA SIZE       =   ----    ----
   DATA SIZE        =     30       1
   IDATA SIZE       =   ----    ----
   BIT SIZE         =   ----    ----
END OF MODULE INFORMATION.


C51 COMPILATION COMPLETE.  0 WARNING(S),  0 ERROR(S)
