C51 COMPILER V9.60.0.0   KEY                                                               08/16/2022 09:54:43 PAGE 1   


C51 COMPILER V9.60.0.0, COMPILATION OF MODULE KEY
OBJECT MODULE PLACED IN .\Objects\key.obj
COMPILER INVOKED BY: E:\EE\32\C51\BIN\C51.EXE DRIVERS\key.c LARGE OPTIMIZE(8,SPEED) BROWSE INCDIR(.\DRIVERS;.\src) DEBUG
                    - OBJECTEXTEND PRINT(.\Listings\key.lst) OBJECT(.\Objects\key.obj)

line level    source

   1          #include "key.h"
   2          #include "public.h"
   3          
   4          uchar keydown(uchar n)
   5          {
   6   1              switch (n)
   7   1              {
   8   2                      case 1: 
   9   2                      if(K1==0)
  10   2                      {
  11   3                              Delay1ms(20);
  12   3                              if(K1==0)
  13   3                                      return 1;
  14   3                              return 0;
  15   3                      }
  16   2                      return 0;
  17   2                      case 2: 
  18   2                      if(K2==0)
  19   2                      {
  20   3                              Delay1ms(20);
  21   3                              if(K2==0)
  22   3                                      return 1;
  23   3                              return 0;
  24   3                      }
  25   2                      return 0;
  26   2                      case 3: 
  27   2                      if(K3==0)
  28   2                      {
  29   3                              Delay1ms(20);
  30   3                              if(K3==0)
  31   3                                      return 1;
  32   3                              return 0;
  33   3                      }
  34   2                      return 0;
  35   2                      case 4: 
  36   2                      if(K4==0)
  37   2                      {
  38   3                              Delay1ms(20);
  39   3                              if(K4==0)
  40   3                                      return 1;
  41   3                              return 0;
  42   3                      }
  43   2                      return 0;
  44   2                      default:
  45   2                              return 0;
  46   2              }
  47   1      }
  48          
  49          uchar key()
  50          {
  51   1              unsigned char KeyNumber=0;
  52   1              
  53   1              if(K1==0){Delay1ms(20);while(K1==0);Delay1ms(20);KeyNumber=1;}
  54   1              if(K2==0){Delay1ms(20);while(K2==0);Delay1ms(20);KeyNumber=2;}
C51 COMPILER V9.60.0.0   KEY                                                               08/16/2022 09:54:43 PAGE 2   

  55   1              if(K3==0){Delay1ms(20);while(K3==0);Delay1ms(20);KeyNumber=3;}
  56   1              if(K4==0){Delay1ms(20);while(K4==0);Delay1ms(20);KeyNumber=4;}
  57   1              
  58   1              return KeyNumber;
  59   1      }


MODULE INFORMATION:   STATIC OVERLAYABLE
   CODE SIZE        =    220    ----
   CONSTANT SIZE    =   ----    ----
   XDATA SIZE       =   ----       1
   PDATA SIZE       =   ----    ----
   DATA SIZE        =   ----    ----
   IDATA SIZE       =   ----    ----
   BIT SIZE         =   ----    ----
END OF MODULE INFORMATION.


C51 COMPILATION COMPLETE.  0 WARNING(S),  0 ERROR(S)
