C51 COMPILER V9.60.0.0   MAIN                                                              08/17/2022 12:26:39 PAGE 1   


C51 COMPILER V9.60.0.0, COMPILATION OF MODULE MAIN
OBJECT MODULE PLACED IN .\Objects\main.obj
COMPILER INVOKED BY: E:\EE\32\C51\BIN\C51.EXE main.c LARGE OPTIMIZE(8,SPEED) BROWSE INCDIR(.\DRIVERS;.\src) DEBUG OBJECT
                    -EXTEND PRINT(.\Listings\main.lst) OBJECT(.\Objects\main.obj)

line level    source

   1          #include <STC89C5xRC.H>
   2          #include <public.H>
   3          #include <ssd1306.H>
   4          
   5          void main()
   6          {
   7   1              SSD1306_init();
*** WARNING C206 IN LINE 7 OF main.c: 'SSD1306_init': missing function-prototype
   8   1              OLED_Clear();
   9   1              while(1)
  10   1              {
  11   2      //              OLED_ShowNum(1,6,123,3,16);
  12   2                      OLED_ShowString(2,0,"unicorn",16);
  13   2                      OLED_ShowString(2,2,"unicorn",16);
  14   2                      OLED_ShowString(2,4,"unicorn",16);
  15   2                      OLED_ShowString(2,6,"unicorn",16);
  16   2              }
  17   1              
  18   1      }


MODULE INFORMATION:   STATIC OVERLAYABLE
   CODE SIZE        =     84    ----
   CONSTANT SIZE    =      8    ----
   XDATA SIZE       =   ----    ----
   PDATA SIZE       =   ----    ----
   DATA SIZE        =   ----    ----
   IDATA SIZE       =   ----    ----
   BIT SIZE         =   ----    ----
END OF MODULE INFORMATION.


C51 COMPILATION COMPLETE.  1 WARNING(S),  0 ERROR(S)
