C51 COMPILER V9.60.0.0   ____                                                              08/05/2022 22:13:39 PAGE 1   


C51 COMPILER V9.60.0.0, COMPILATION OF MODULE ____
OBJECT MODULE PLACED IN .\Objects\测试.obj
COMPILER INVOKED BY: E:\EE\32\C51\BIN\C51.EXE 测试.c OPTIMIZE(8,SPEED) BROWSE DEBUG OBJECTEXTEND PRINT(.\Listings\测试.l
                    -st) OBJECT(.\Objects\测试.obj)

line level    source

   1          #include<reg52.h>
   2          #include<intrins.h>
   3          #define uchar unsigned char
   4          #define uint  unsigned int
   5          sbit E=P2^2;
   6          sbit RW=P2^1;
   7          sbit RS=P2^0;
   8          void delay()    //延时函数
   9          {
  10   1              _nop_();
  11   1              _nop_();
  12   1              _nop_();
  13   1              _nop_();
  14   1              _nop_();
  15   1      }
  16          bit Busy(void)
  17          {
  18   1              bit busy_flag = 0;
  19   1              RS = 0;
  20   1              RW = 1;
  21   1              E = 1;
  22   1              delay();
  23   1              busy_flag = (bit)(P0 & 0x80);
  24   1              E = 0;
  25   1              return busy_flag;
  26   1      }
  27          void wcmd(uchar del)
  28          {
  29   1              while(Busy());
  30   1              RS = 0;
  31   1              RW = 0;
  32   1              E = 0;
  33   1              delay();
  34   1              P0 = del;
  35   1              delay();
  36   1              E = 1;
  37   1              delay();
  38   1              E = 0;
  39   1      }
  40          void wdata(uchar del)
  41          {
  42   1              while(Busy());
  43   1              RS = 1;
  44   1              RW = 0;
  45   1              E = 0;
  46   1              delay();
  47   1              P0 = del;
  48   1              delay();
  49   1              E = 1;
  50   1              delay();
  51   1              E = 0;
  52   1      }
  53          void L1602_init(void)
  54          {
C51 COMPILER V9.60.0.0   ____                                                              08/05/2022 22:13:39 PAGE 2   

  55   1              wcmd(0x38);//设置16*2显示，5*7点阵，8位数据口
  56   1              wcmd(0x0c);
  57   1              wcmd(0x06);
  58   1              wcmd(0x01);
  59   1      }
  60          void L1602_char(uchar hang,uchar lie,char sign)
  61          {
  62   1              uchar a;
  63   1              if(hang == 1) a = 0x80;
  64   1              if(hang == 2) a = 0xc0;
  65   1              a = a + lie - 1;
  66   1              wcmd(a);
  67   1              wdata(sign);
  68   1      }
  69          void L1602_string(uchar hang,uchar lie,uchar *p)
  70          {
  71   1              uchar a,b=0;
  72   1              if(hang == 1) a = 0x80;
  73   1              if(hang == 2) a = 0xc0;
  74   1              a = a + lie - 1;
  75   1              while(1)
  76   1              {
  77   2                      wcmd(a++);
  78   2                      b++;
  79   2                      if((*p == '\0')||(b==16)) break;
  80   2                      wdata(*p);
  81   2                      p++;
  82   2              }
  83   1      }
  84          void Main()
  85          {
  86   1              L1602_init();
  87   1              L1602_string(1,1,"1123456789   ");
  88   1              L1602_string(2,1,"   ABCDEFGHIJ   ");
  89   1              L1602_char(2,15,'O');
  90   1              L1602_char(2,16,'K');
  91   1              while(1);
  92   1      }


MODULE INFORMATION:   STATIC OVERLAYABLE
   CODE SIZE        =    237    ----
   CONSTANT SIZE    =     31    ----
   XDATA SIZE       =   ----    ----
   PDATA SIZE       =   ----    ----
   DATA SIZE        =   ----       2
   IDATA SIZE       =   ----    ----
   BIT SIZE         =   ----       1
END OF MODULE INFORMATION.


C51 COMPILATION COMPLETE.  0 WARNING(S),  0 ERROR(S)
