C51 COMPILER V9.60.0.0   DS1302                                                            08/14/2022 00:36:24 PAGE 1   


C51 COMPILER V9.60.0.0, COMPILATION OF MODULE DS1302
OBJECT MODULE PLACED IN .\Objects\ds1302.obj
COMPILER INVOKED BY: E:\EE\32\C51\BIN\C51.EXE DRIVERS\ds1302.c OPTIMIZE(8,SPEED) BROWSE INCDIR(.\DRIVERS) DEBUG OBJECTEX
                    -TEND PRINT(.\Listings\ds1302.lst) OBJECT(.\Objects\ds1302.obj)

line level    source

   1          #include <ds1302.h>
   2          
   3          void ds1302Init()
   4          {
   5   1              CE=0;
   6   1              SCL=0;
   7   1      }
   8          
   9          void ds1302Write(uchar cmd,uchar dat)
  10          {
  11   1              uint i=0;
  12   1              CE=1;
  13   1              for(i=0;i<8;i++)
  14   1              {
  15   2                      SDA=cmd&(0x01<<i);
  16   2                      SCL=1;
  17   2                      SCL=0;
  18   2              }
  19   1              for(i=0;i<8;i++)
  20   1              {
  21   2                      SDA=dat&(0x01<<i);
  22   2                      SCL=1;
  23   2                      SCL=0;
  24   2              }
  25   1              CE=0;
  26   1      }
  27          uchar ds1302Read(uchar cmd)
  28          {
  29   1              uchar i=0,dat=0x00;
  30   1              CE=1;
  31   1              cmd|=0x01;
  32   1              for(i=0;i<8;i++)
  33   1              {
  34   2                      SDA=cmd&(0x01<<i);//把Command中的数据从低位，一位一位的取出来给到IO口
  35   2                      SCL=0;
  36   2                      SCL=1;
  37   2              }
  38   1              for(i=0;i<8;i++)
  39   1              {
  40   2                      SCL=1;
  41   2                      SCL=0;
  42   2                      if(SDA)
  43   2                      {
  44   3                              dat|=(0x01<<i);
  45   3                      }
  46   2              }
  47   1              CE=0;
  48   1              SDA=0;
  49   1              return dat;
  50   1      }
  51          
  52          
  53           
  54          
C51 COMPILER V9.60.0.0   DS1302                                                            08/14/2022 00:36:24 PAGE 2   

  55          void ds1302SetTime(struct RTCtime setTime)
  56          {
  57   1              ds1302Write(DS1302_WP,0x00);//解除芯片写保护
  58   1              ds1302Write(DS1302_YEAR,setTime.year/10*16+setTime.year%10);
  59   1              ds1302Write(DS1302_MONTH,setTime.mon/10*16+setTime.mon%10);
  60   1              ds1302Write(DS1302_DATE,setTime.date/10*16+setTime.date%10);
  61   1              ds1302Write(DS1302_HOUR,setTime.hour/10*16+setTime.hour%10);
  62   1              ds1302Write(DS1302_MINUTE,setTime.min/10*16+setTime.min%10);
  63   1              ds1302Write(DS1302_SECOND,setTime.sec/10*16+setTime.sec%10);
  64   1              ds1302Write(DS1302_DAY,setTime.day/10*16+setTime.day%10);
  65   1              ds1302Write(DS1302_WP,0x80);//打开芯片写保护
  66   1      }
  67          
  68          
  69          struct RTCtime ds1302ReadTime(void)
  70          {
  71   1              struct RTCtime readTime;
  72   1              uchar Temp;
  73   1              Temp=ds1302Read(DS1302_YEAR+1);
  74   1              readTime.year=Temp/16*10+Temp%16;//从芯片中读出的是BCD码，所以要把BCD码转为十进制
  75   1              
  76   1              Temp=ds1302Read(DS1302_MONTH+1);
  77   1              readTime.mon=Temp/16*10+Temp%16;
  78   1              
  79   1              Temp=ds1302Read(DS1302_DATE+1);
  80   1              readTime.date=Temp/16*10+Temp%16;
  81   1              
  82   1              Temp=ds1302Read(DS1302_HOUR+1);
  83   1              readTime.hour=Temp/16*10+Temp%16;
  84   1              
  85   1              Temp=ds1302Read(DS1302_MINUTE+1);
  86   1              readTime.min=Temp/16*10+Temp%16;
  87   1              
  88   1              Temp=ds1302Read(DS1302_SECOND+1);
  89   1              readTime.sec=Temp/16*10+Temp%16;
  90   1              
  91   1              Temp=ds1302Read(DS1302_DAY+1);
  92   1              readTime.day=Temp/16*10+Temp%16;
  93   1              return readTime;
  94   1      }


MODULE INFORMATION:   STATIC OVERLAYABLE
   CODE SIZE        =    532    ----
   CONSTANT SIZE    =   ----    ----
   XDATA SIZE       =   ----    ----
   PDATA SIZE       =   ----    ----
   DATA SIZE        =   ----      15
   IDATA SIZE       =   ----    ----
   BIT SIZE         =   ----    ----
END OF MODULE INFORMATION.


C51 COMPILATION COMPLETE.  0 WARNING(S),  0 ERROR(S)
