C51 COMPILER V9.60.0.0   MAIN                                                              08/14/2022 10:30:02 PAGE 1   


C51 COMPILER V9.60.0.0, COMPILATION OF MODULE MAIN
OBJECT MODULE PLACED IN .\Objects\main.obj
COMPILER INVOKED BY: E:\EE\32\C51\BIN\C51.EXE main.c OPTIMIZE(8,SPEED) BROWSE INCDIR(.\DRIVERS) DEBUG OBJECTEXTEND PRINT
                    -(.\Listings\main.lst) OBJECT(.\Objects\main.obj)

line level    source

   1          #include <public.H>
   2          #include "lcd1602.h"
   3          #include "ds1302.h"
   4          
   5          struct RTCtime time;
   6          
   7          
   8          void main()
   9          {
  10   1              lcdInit();
  11   1              ds1302Init();
  12   1              //ds1302SetTime();
  13   1              //ds1302ReadTime();
  14   1              
  15   1              //DS1302_Time[0]=22;
  16   1              
  17   1              while(1)
  18   1              {
  19   2                      time=ds1302ReadTime();
  20   2                      lcdShowNum(1,1,time.year+2000);//显示年
  21   2                      
  22   2                      lcdShowNum(1,6,time.mon);//显示月
  23   2                      lcdShowNum(1,9,time.date);//显示日
  24   2                      
  25   2                      
  26   2                      lcdShowNum(2,1,time.hour);//显示时
  27   2                      lcdShowNum(2,4,time.min);//显示分
  28   2                      
  29   2                      lcdShow0Num(2,7,time.sec,2);//显示秒
  30   2                      //lcdShowChar(2,8,time.sec%10+'0');//显示秒
  31   2      
  32   2                      //Delay1ms(200);
  33   2              }
  34   1      }


MODULE INFORMATION:   STATIC OVERLAYABLE
   CODE SIZE        =    150    ----
   CONSTANT SIZE    =   ----    ----
   XDATA SIZE       =   ----    ----
   PDATA SIZE       =   ----    ----
   DATA SIZE        =      7    ----
   IDATA SIZE       =   ----    ----
   BIT SIZE         =   ----    ----
END OF MODULE INFORMATION.


C51 COMPILATION COMPLETE.  0 WARNING(S),  0 ERROR(S)
