C51 COMPILER V9.60.0.0   MIAN                                                              08/10/2022 22:54:48 PAGE 1   


C51 COMPILER V9.60.0.0, COMPILATION OF MODULE MIAN
OBJECT MODULE PLACED IN .\Objects\mian.obj
COMPILER INVOKED BY: E:\EE\32\C51\BIN\C51.EXE mian.c OPTIMIZE(8,SPEED) BROWSE DEBUG OBJECTEXTEND PRINT(.\Listings\mian.l
                    -st) OBJECT(.\Objects\mian.obj)

line level    source

   1          #include<reg52.h>
   2          #include<intrins.h>//添加移位函数
   3          #define uint unsigned int
   4          #define uchar unsigned char
   5          void delay(unit);
   6          uchar aa;
   7          void main()
   8          {
   9   1              aa=0xfe;//初值11111110
  10   1              while(1)
  11   1              {
  12   2                      P0=aa;//第一个LED点亮
  13   2                      delay(138);//延时500ms
  14   2                      aa=_crol_(aa,1);//左移1位
  15   2              }
  16   1      }
  17          void delay(uint t)
  18          {
*** WARNING C235 IN LINE 18 OF mian.c: parameter 1: different types
  19   1              uint i,j;
  20   1              for(i=t;i>0;i--)//延时t秒
  21   1                      for(j=120;j>0;j--);
  22   1      }


MODULE INFORMATION:   STATIC OVERLAYABLE
   CODE SIZE        =     58    ----
   CONSTANT SIZE    =   ----    ----
   XDATA SIZE       =   ----    ----
   PDATA SIZE       =   ----    ----
   DATA SIZE        =      1    ----
   IDATA SIZE       =   ----    ----
   BIT SIZE         =   ----    ----
END OF MODULE INFORMATION.


C51 COMPILATION COMPLETE.  1 WARNING(S),  0 ERROR(S)
