C51 COMPILER V9.60.0.0   MAIN                                                              08/10/2022 22:52:18 PAGE 1   


C51 COMPILER V9.60.0.0, COMPILATION OF MODULE MAIN
OBJECT MODULE PLACED IN .\Objects\main.obj
COMPILER INVOKED BY: E:\EE\32\C51\BIN\C51.EXE main.c LARGE OPTIMIZE(8,SPEED) BROWSE INCDIR(.\module) DEBUG OBJECTEXTEND 
                    -PRINT(.\Listings\main.lst) OBJECT(.\Objects\main.obj)

line level    source

   1          #include "lcd1602.h"
   2          #include "key.h"
   3          #include "led.h"
   4          void Init_INT0()
   5          {
   6   1              IT0=1;//设置外部中断0;下降沿触发 
   7   1              EX0=1;//开启外部中断0; 
   8   1              EA=1;//开启中断总开关 
   9   1      } 
  10          
  11          void Init_INT1()
  12          {
  13   1              IT1=1;//设置外部中断1;下降沿触发 
  14   1              EX1=1;//开启外部中断1; 
  15   1              EA=1;//开启中断总开关 
  16   1      } 
  17          
  18          
  19           
  20          void main()
  21          {
  22   1              //uint i,j;
  23   1              lcdInit();
  24   1              //lcdShowChar(2,2,'b');
  25   1              lcdShowString(1,1,"unicorn");
  26   1              
  27   1              lcdShowString(2,1,"tankionline tankionline");
  28   1              lcdShowNum(1,10,2456458);
  29   1              lcdShowNum(2,28,24568);
  30   1              //Init_INT0();
  31   1              //Init_INT1();
  32   1              while(1)
  33   1              {
  34   2                      if(keydown(1))
  35   2                              lcdRmove(1);
  36   2                      else if(keydown(2))
  37   2                              lcdLmove(1);
  38   2                      else if(keydown(3))
  39   2                              lcdClear();
  40   2                      else if(keydown(4))
  41   2                              lcdInit();
  42   2              }
  43   1              
  44   1      }
  45          
  46          void RSI_INT0() interrupt 0
  47          {
  48   1              //P0=~P0;//当触发中P0口的LED取反 
  49   1              lcdRmove(1);
  50   1      }
  51          void RSI_INT1() interrupt 2
  52          {
  53   1              //P0=~P0;//当触发中P0口的LED取反 
  54   1              //lcdLmove(1);
C51 COMPILER V9.60.0.0   MAIN                                                              08/10/2022 22:52:18 PAGE 2   

  55   1              lcdClear();
  56   1      }


MODULE INFORMATION:   STATIC OVERLAYABLE
   CODE SIZE        =    275    ----
   CONSTANT SIZE    =     32    ----
   XDATA SIZE       =   ----    ----
   PDATA SIZE       =   ----    ----
   DATA SIZE        =   ----    ----
   IDATA SIZE       =   ----    ----
   BIT SIZE         =   ----    ----
END OF MODULE INFORMATION.


C51 COMPILATION COMPLETE.  0 WARNING(S),  0 ERROR(S)
